0 silly argv {
0 silly argv   _: [ 'publish' ],
0 silly argv   registry: 'https://npm.pkg.github.com',
0 silly argv   contents: 'dist',
0 silly argv   composed: 'publish',
0 silly argv   lernaVersion: '4.0.0',
0 silly argv   '$0': 'node_modules/.bin/lerna'
0 silly argv }
1 notice cli v4.0.0
2 verbose rootPath /home/node1/Desktop/DEVELOPMENT/prosperity
3 verbose session 9028fb9373fda5ca
4 verbose user-agent lerna/4.0.0/node@v14.18.2+x64 (linux)
5 silly argv {
5 silly argv   _: [ 'publish' ],
5 silly argv   registry: 'https://npm.pkg.github.com',
5 silly argv   contents: 'dist',
5 silly argv   composed: 'publish',
5 silly argv   lernaVersion: '4.0.0'
5 silly argv }
6 verbose rootPath /home/node1/Desktop/DEVELOPMENT/prosperity
7 info current version 0.0.40
8 silly isAnythingCommitted
9 verbose isAnythingCommitted 1
10 silly getCurrentBranch
11 verbose currentBranch master
12 silly remoteBranchExists
13 silly isBehindUpstream
14 silly isBehindUpstream master is behind origin/master by 0 commit(s) and ahead by 0
15 silly hasTags
16 verbose hasTags true
17 silly git-describe.sync "v0.0.40-1-geb66b45" => {"lastTagName":"v0.0.40","lastVersion":"v0.0.40","refCount":"1","sha":"eb66b45","isDirty":false}
18 info Looking for changed packages since v0.0.40
19 silly checking diff packages/drawbridge
20 silly found diff in packages/drawbridge/package.json
20 silly found diff in packages/drawbridge/tsconfig.json
21 verbose filtered diff [
21 verbose filtered diff   'packages/drawbridge/package.json',
21 verbose filtered diff   'packages/drawbridge/tsconfig.json'
21 verbose filtered diff ]
22 silly checking diff packages/merit
23 silly found diff in packages/merit/package.json
24 verbose filtered diff [ 'packages/merit/package.json' ]
25 silly checking diff packages/oxygen
26 silly found diff in packages/oxygen/package.json
26 silly found diff in packages/oxygen/src/helpers/index.ts
26 silly found diff in packages/oxygen/src/typings/index.ts
27 verbose filtered diff [
27 verbose filtered diff   'packages/oxygen/package.json',
27 verbose filtered diff   'packages/oxygen/src/helpers/index.ts',
27 verbose filtered diff   'packages/oxygen/src/typings/index.ts'
27 verbose filtered diff ]
28 verbose updated @tbarous/drawbridge
29 verbose updated @tbarous/merit
30 verbose updated @tbarous/oxygen
31 verbose git-describe undefined => "v0.0.40-1-geb66b45"
32 silly git-describe parsed => {"lastTagName":"v0.0.40","lastVersion":"v0.0.40","refCount":"1","sha":"eb66b45","isDirty":false}
33 info execute Skipping releases
34 silly lifecycle No script for "preversion" in "root", continuing
35 silly lifecycle No script for "preversion" in "@tbarous/drawbridge", continuing
36 silly lifecycle No script for "preversion" in "@tbarous/merit", continuing
37 silly lifecycle No script for "version" in "@tbarous/merit", continuing
38 silly lifecycle No script for "version" in "@tbarous/drawbridge", continuing
39 silly lifecycle No script for "preversion" in "@tbarous/oxygen", continuing
40 silly lifecycle No script for "version" in "@tbarous/oxygen", continuing
41 silly lifecycle No script for "version" in "root", continuing
42 silly gitAdd [
42 silly gitAdd   'packages/merit/package.json',
42 silly gitAdd   'packages/drawbridge/package.json',
42 silly gitAdd   'packages/oxygen/package.json',
42 silly gitAdd   'lerna.json'
42 silly gitAdd ]
43 silly gitCommit v0.0.41
44 verbose git [ 'commit', '-m', 'v0.0.41' ]
45 silly gitTag v0.0.41
46 verbose git [ 'tag', 'v0.0.41', '-m', 'v0.0.41' ]
47 silly lifecycle No script for "postversion" in "@tbarous/drawbridge", continuing
48 silly lifecycle No script for "postversion" in "@tbarous/merit", continuing
49 silly lifecycle No script for "postversion" in "@tbarous/oxygen", continuing
50 silly lifecycle No script for "postversion" in "root", continuing
51 info git Pushing tags...
52 silly gitPush origin master
53 info publish Publishing packages to npm...
54 notice Skipping all user and access validation due to third-party registry
55 notice Make sure you're authenticated properly ¯\_(ツ)_/¯
56 warn ENOLICENSE Packages @tbarous/drawbridge, @tbarous/merit, and @tbarous/oxygen are missing a license.
56 warn ENOLICENSE One way to fix this is to add a LICENSE.md file to the root of this repository.
56 warn ENOLICENSE See https://choosealicense.com for additional guidance.
57 silly getCurrentSHA
58 verbose getCurrentSHA 26244628b0bea92f704c1f2d1819229c7e5ee05e
59 silly lifecycle No script for "prepublish" in "root", continuing
60 silly lifecycle No script for "prepare" in "root", continuing
61 silly lifecycle No script for "prepublishOnly" in "root", continuing
62 silly lifecycle No script for "prepack" in "root", continuing
63 verbose pack-directory packages/drawbridge/dist
64 verbose pack-directory packages/merit/dist
65 silly lifecycle No script for "prepublish" in "@tbarous/drawbridge", continuing
66 silly lifecycle No script for "prepublish" in "@tbarous/merit", continuing
67 silly lifecycle No script for "prepare" in "@tbarous/drawbridge", continuing
68 silly lifecycle No script for "prepare" in "@tbarous/merit", continuing
69 silly lifecycle No script for "prepublishOnly" in "@tbarous/drawbridge", continuing
70 silly lifecycle No script for "prepublishOnly" in "@tbarous/merit", continuing
71 silly lifecycle No script for "prepack" in "@tbarous/drawbridge", continuing
72 silly lifecycle No script for "prepack" in "@tbarous/merit", continuing
73 silly lifecycle No script for "postpack" in "@tbarous/merit", continuing
74 verbose packed packages/merit/dist
75 silly lifecycle No script for "postpack" in "@tbarous/drawbridge", continuing
76 verbose packed packages/drawbridge/dist
77 verbose pack-directory packages/oxygen/dist
78 silly lifecycle No script for "prepublish" in "@tbarous/oxygen", continuing
79 silly lifecycle No script for "prepare" in "@tbarous/oxygen", continuing
80 silly lifecycle No script for "prepublishOnly" in "@tbarous/oxygen", continuing
81 silly lifecycle No script for "prepack" in "@tbarous/oxygen", continuing
82 silly lifecycle No script for "postpack" in "@tbarous/oxygen", continuing
83 verbose packed packages/oxygen/dist
84 silly lifecycle No script for "postpack" in "root", continuing
85 verbose publish @tbarous/drawbridge
86 verbose publish @tbarous/merit
87 http fetch PUT 200 https://npm.pkg.github.com/@tbarous%2fdrawbridge 4268ms
88 silly lifecycle No script for "publish" in "@tbarous/drawbridge", continuing
89 silly lifecycle No script for "postpublish" in "@tbarous/drawbridge", continuing
90 success published @tbarous/drawbridge 0.0.41
91 notice
92 notice 📦  @tbarous/drawbridge@0.0.41
93 notice === Tarball Contents ===
94 notice 561B   components/badge/Badge.js
94 notice 2.2kB  components/badge/styled/BadgeStyled.js
94 notice 2.1kB  components/button/Button.js
94 notice 1.1kB  components/button/styled/ButtonIconStyled.js
94 notice 2.9kB  components/button/styled/ButtonStyled.js
94 notice 1.0kB  components/button/styled/ButtonWrapperStyled.js
94 notice 605B   components/card/Card.js
94 notice 1.4kB  components/card/styled/CardStyled.js
94 notice 3.9kB  components/carousel/Carousel.js
94 notice 906B   components/carousel/CarouselControl.js
94 notice 2.4kB  components/carousel/CarouselControls.js
94 notice 1.2kB  components/carousel/styled/CarouselControlsStyled.js
94 notice 1.3kB  components/carousel/styled/CarouselControlStyled.js
94 notice 755B   components/carousel/CarouselItem.js
94 notice 2.2kB  components/carousel/CarouselItems.js
94 notice 1.6kB  components/carousel/styled/CarouselItemsStyled.js
94 notice 1.3kB  components/carousel/styled/CarouselItemStyled.js
94 notice 1.1kB  components/carousel/styled/CarouselStyled.js
94 notice 3.0kB  components/form/Checkbox.js
94 notice 1.1kB  components/form/styled/CheckboxInputStyled.js
94 notice 1.2kB  components/form/styled/CheckboxStyled.js
94 notice 738B   components/grid/Col.js
94 notice 4.1kB  components/grid/styled/ColStyled.js
94 notice 622B   components/grid/Container.js
94 notice 3.9kB  components/grid/styled/ContainerStyled.js
94 notice 600B   providers/CustomThemeProvider.js
94 notice 1.1kB  components/drawer/Drawer.js
94 notice 1.2kB  components/drawer/styled/DrawerCloseStyled.js
94 notice 1.5kB  components/drawer/styled/DrawerStyled.js
94 notice 716B   components/form/Form.js
94 notice 700B   components/form/styled/FormStyled.js
94 notice 1.3kB  utils/GlobalStyleUtils.js
94 notice 1.0kB  components/icon/Icon.js
94 notice 1.1kB  components/icon/styled/IconStyled.js
94 notice 882B   components/image/Image.js
94 notice 1.7kB  components/image/styled/ImageStyled.js
94 notice 1.0kB  components/image/styled/ImageWrapperStyled.js
94 notice 177B   helpers/index.js
94 notice 4.1kB  icons/index.js
94 notice 77B    typings/index.js
94 notice 2.5kB  components/form/Input.js
94 notice 1.5kB  components/form/styled/InputLabelStyled.js
94 notice 1.5kB  components/form/styled/InputLineStyled.js
94 notice 1.5kB  components/form/styled/InputStyled.js
94 notice 1.3kB  components/form/styled/InputWrapperStyled.js
94 notice 1.9kB  components/link/Link.js
94 notice 1.4kB  components/link/styled/LInkLineStyled.js
94 notice 1.3kB  components/link/styled/LinkStyled.js
94 notice 556B   components/list/List.js
94 notice 576B   components/list/ListItem.js
94 notice 905B   components/list/styled/ListItemStyled.js
94 notice 816B   components/list/styled/ListStyled.js
94 notice 1.1kB  utils/MediaUtils.js
94 notice 2.8kB  components/modal/Modal.js
94 notice 653B   components/modal/ModalBody.js
94 notice 1.1kB  components/modal/styled/ModalBodyStyled.js
94 notice 1.9kB  components/modal/styled/ModalCloseStyled.js
94 notice 2.6kB  components/modal/styled/ModalContentStyled.js
94 notice 665B   components/modal/ModalFooter.js
94 notice 2.0kB  components/modal/styled/ModalFooterStyled.js
94 notice 665B   components/modal/ModalHeader.js
94 notice 1.5kB  components/modal/styled/ModalHeaderStyled.js
94 notice 1.8kB  components/modal/styled/ModalOverlayStyled.js
94 notice 2.8kB  utils/ModalQueue.js
94 notice 1.5kB  components/modal/styled/ModalWrapperStyled.js
94 notice 783B   components/navbar/NavbarFixed.js
94 notice 1.8kB  components/navbar/styled/NavbarFixedStyled.js
94 notice 663B   components/navbar/NavbarStatic.js
94 notice 1.4kB  components/navbar/styled/NavbarStaticStyled.js
94 notice 2.1kB  components/form/Radio.js
94 notice 2.6kB  components/form/styled/RadioCheckmarkStyled.js
94 notice 971B   components/form/styled/RadioInputStyled.js
94 notice 1.4kB  components/form/styled/RadioStyled.js
94 notice 1.7kB  components/grid/Row.js
94 notice 1.6kB  components/grid/styled/RowStyled.js
94 notice 1.8kB  components/snackbar/Snackbar.js
94 notice 1.2kB  components/snackbar/styled/SnackbarCloseStyled.js
94 notice 2.6kB  components/snackbar/styled/SnackbarStyled.js
94 notice 652B   components/tabs/Tab.js
94 notice 1.4kB  components/tabs/styled/TabActiveStyled.js
94 notice 2.4kB  components/tabs/Tabs.js
94 notice 946B   components/tabs/styled/TabsStyled.js
94 notice 1.7kB  components/tabs/styled/TabStyled.js
94 notice 593B   components/text/Text.js
94 notice 1.1kB  components/text/styled/TextStyled.js
94 notice 3.6kB  theme/light/Theme.js
94 notice 160B   theme/light/ThemeAlignItems.js
94 notice 77B    theme/interfaces/ThemeAlignItemsInterface.js
94 notice 247B   theme/light/ThemeBorder.js
94 notice 77B    theme/interfaces/ThemeBorderInterface.js
94 notice 257B   theme/light/ThemeBorderRadius.js
94 notice 77B    theme/interfaces/ThemeBorderRadiusInterface.js
94 notice 196B   theme/light/ThemeBoxSizing.js
94 notice 77B    theme/interfaces/ThemeBoxSizingInterface.js
94 notice 244B   theme/light/ThemeBreakpoint.js
94 notice 77B    theme/interfaces/ThemeBreakpointInterface.js
94 notice 202B   theme/light/ThemeBrightness.js
94 notice 77B    theme/interfaces/ThemeBrightnessInterface.js
94 notice 301B   theme/light/ThemeColor.js
94 notice 77B    theme/interfaces/ThemeColorInterface.js
94 notice 154B   theme/light/ThemeCursor.js
94 notice 77B    theme/interfaces/ThemeCursorInterface.js
94 notice 329B   theme/light/ThemeDimension.js
94 notice 77B    theme/interfaces/ThemeDimensionInterface.js
94 notice 219B   theme/light/ThemeDisplay.js
94 notice 77B    theme/interfaces/ThemeDisplayInterface.js
94 notice 146B   theme/light/ThemeFlexGrow.js
94 notice 77B    theme/interfaces/ThemeFlexGrowInterface.js
94 notice 152B   theme/light/ThemeFlexWrap.js
94 notice 77B    theme/interfaces/ThemeFlexWrapInterface.js
94 notice 191B   theme/light/ThemeFontFamily.js
94 notice 77B    theme/interfaces/ThemeFontFamilyInterface.js
94 notice 212B   theme/light/ThemeFontSize.js
94 notice 77B    theme/interfaces/ThemeFontSizeInterface.js
94 notice 192B   theme/light/ThemeFontWeight.js
94 notice 77B    theme/interfaces/ThemeFontWeightInterface.js
94 notice 77B    theme/interfaces/ThemeInterface.js
94 notice 184B   theme/light/ThemeJustifyContent.js
94 notice 77B    theme/interfaces/ThemeJustifyContentInterface.js
94 notice 216B   theme/light/ThemeLetterSpacing.js
94 notice 77B    theme/interfaces/ThemeLetterSpacingInterface.js
94 notice 189B   theme/light/ThemeLineHeight.js
94 notice 77B    theme/interfaces/ThemeLineHeightInterface.js
94 notice 180B   theme/light/ThemeObjectFit.js
94 notice 77B    theme/interfaces/ThemeObjectFitInterface.js
94 notice 149B   theme/light/ThemeOpacity.js
94 notice 77B    theme/interfaces/ThemeOpacityInterface.js
94 notice 174B   theme/light/ThemeOverflow.js
94 notice 77B    theme/interfaces/ThemeOverflowInterface.js
94 notice 206B   theme/light/ThemePosition.js
94 notice 77B    theme/interfaces/ThemePositionInterface.js
94 notice 612B   providers/ThemeProvider.js
94 notice 567B   theme/light/ThemeShadow.js
94 notice 77B    theme/interfaces/ThemeShadowInterface.js
94 notice 443B   theme/light/ThemeSpacing.js
94 notice 77B    theme/interfaces/ThemeSpacingInterface.js
94 notice 158B   theme/light/ThemeTextAlign.js
94 notice 77B    theme/interfaces/ThemeTextAlignInterface.js
94 notice 164B   theme/light/ThemeTextDecoration.js
94 notice 77B    theme/interfaces/ThemeTextDecorationInterface.js
94 notice 167B   theme/light/ThemeTransform.js
94 notice 77B    theme/interfaces/ThemeTransformInterface.js
94 notice 194B   theme/light/ThemeTransition.js
94 notice 77B    theme/interfaces/ThemeTransitionInterface.js
94 notice 165B   utils/ThemeUtils.js
94 notice 183B   theme/light/ThemeZIndex.js
94 notice 77B    theme/interfaces/ThemeZIndexInterface.js
94 notice 2.6kB  components/tooltip/Tooltip.js
94 notice 1.1kB  components/tooltip/styled/TooltipContentStyled.js
94 notice 871B   components/tooltip/styled/TooltipSeparatorStyled.js
94 notice 765B   components/tooltip/styled/TooltipStyled.js
94 notice 487B   hooks/useCallbackOnTimeout.js
94 notice 2.7kB  hooks/useMountChild.js
94 notice 715B   hooks/useOnClickOutside.js
94 notice 724B   hooks/UseOnScroll.js
94 notice 2.0kB  package.json
94 notice 209B   components/badge/Badge.d.ts
94 notice 187B   components/badge/styled/BadgeStyled.d.ts
94 notice 834B   components/button/Button.d.ts
94 notice 367B   components/button/styled/ButtonIconStyled.d.ts
94 notice 260B   components/button/styled/ButtonStyled.d.ts
94 notice 139B   components/button/styled/ButtonWrapperStyled.d.ts
94 notice 245B   components/card/Card.d.ts
94 notice 291B   components/card/styled/CardStyled.d.ts
94 notice 433B   components/carousel/Carousel.d.ts
94 notice 424B   components/carousel/CarouselControl.d.ts
94 notice 398B   components/carousel/CarouselControls.d.ts
94 notice 208B   components/carousel/styled/CarouselControlsStyled.d.ts
94 notice 328B   components/carousel/styled/CarouselControlStyled.d.ts
94 notice 295B   components/carousel/CarouselItem.d.ts
94 notice 439B   components/carousel/CarouselItems.d.ts
94 notice 312B   components/carousel/styled/CarouselItemsStyled.d.ts
94 notice 310B   components/carousel/styled/CarouselItemStyled.d.ts
94 notice 192B   components/carousel/styled/CarouselStyled.d.ts
94 notice 301B   components/form/Checkbox.d.ts
94 notice 204B   components/form/styled/CheckboxInputStyled.d.ts
94 notice 194B   components/form/styled/CheckboxStyled.d.ts
94 notice 329B   components/grid/Col.d.ts
94 notice 563B   components/grid/styled/ColStyled.d.ts
94 notice 238B   components/grid/Container.d.ts
94 notice 233B   components/grid/styled/ContainerStyled.d.ts
94 notice 327B   providers/CustomThemeProvider.d.ts
94 notice 337B   components/drawer/Drawer.d.ts
94 notice 291B   components/drawer/styled/DrawerCloseStyled.d.ts
94 notice 282B   components/drawer/styled/DrawerStyled.d.ts
94 notice 234B   components/form/Form.d.ts
94 notice 185B   components/form/styled/FormStyled.d.ts
94 notice 311B   utils/GlobalStyleUtils.d.ts
94 notice 357B   components/icon/Icon.d.ts
94 notice 339B   components/icon/styled/IconStyled.d.ts
94 notice 375B   components/image/Image.d.ts
94 notice 306B   components/image/styled/ImageStyled.d.ts
94 notice 271B   components/image/styled/ImageWrapperStyled.d.ts
94 notice 47B    helpers/index.d.ts
94 notice 564B   icons/index.d.ts
94 notice 648B   typings/index.d.ts
94 notice 272B   components/form/Input.d.ts
94 notice 275B   components/form/styled/InputLabelStyled.d.ts
94 notice 235B   components/form/styled/InputLineStyled.d.ts
94 notice 229B   components/form/styled/InputStyled.d.ts
94 notice 241B   components/form/styled/InputWrapperStyled.d.ts
94 notice 268B   components/link/Link.d.ts
94 notice 267B   components/link/styled/LInkLineStyled.d.ts
94 notice 254B   components/link/styled/LinkStyled.d.ts
94 notice 207B   components/list/List.d.ts
94 notice 215B   components/list/ListItem.d.ts
94 notice 191B   components/list/styled/ListItemStyled.d.ts
94 notice 183B   components/list/styled/ListStyled.d.ts
94 notice 376B   utils/MediaUtils.d.ts
94 notice 355B   components/modal/Modal.d.ts
94 notice 248B   components/modal/ModalBody.d.ts
94 notice 194B   components/modal/styled/ModalBodyStyled.d.ts
94 notice 289B   components/modal/styled/ModalCloseStyled.d.ts
94 notice 253B   components/modal/styled/ModalContentStyled.d.ts
94 notice 254B   components/modal/ModalFooter.d.ts
94 notice 135B   components/modal/styled/ModalFooterStyled.d.ts
94 notice 254B   components/modal/ModalHeader.d.ts
94 notice 198B   components/modal/styled/ModalHeaderStyled.d.ts
94 notice 253B   components/modal/styled/ModalOverlayStyled.d.ts
94 notice 431B   utils/ModalQueue.d.ts
94 notice 200B   components/modal/styled/ModalWrapperStyled.d.ts
94 notice 337B   components/navbar/NavbarFixed.d.ts
94 notice 315B   components/navbar/styled/NavbarFixedStyled.d.ts
94 notice 272B   components/navbar/NavbarStatic.d.ts
94 notice 315B   components/navbar/styled/NavbarStaticStyled.d.ts
94 notice 252B   components/form/Radio.d.ts
94 notice 246B   components/form/styled/RadioCheckmarkStyled.d.ts
94 notice 239B   components/form/styled/RadioInputStyled.d.ts
94 notice 229B   components/form/styled/RadioStyled.d.ts
94 notice 226B   components/grid/Row.d.ts
94 notice 254B   components/grid/styled/RowStyled.d.ts
94 notice 616B   components/snackbar/Snackbar.d.ts
94 notice 295B   components/snackbar/styled/SnackbarCloseStyled.d.ts
94 notice 322B   components/snackbar/styled/SnackbarStyled.d.ts
94 notice 247B   components/tabs/Tab.d.ts
94 notice 295B   components/tabs/styled/TabActiveStyled.d.ts
94 notice 304B   components/tabs/Tabs.d.ts
94 notice 184B   components/tabs/styled/TabsStyled.d.ts
94 notice 207B   components/tabs/styled/TabStyled.d.ts
94 notice 242B   components/text/Text.d.ts
94 notice 285B   components/text/styled/TextStyled.d.ts
94 notice 118B   theme/light/Theme.d.ts
94 notice 168B   theme/light/ThemeAlignItems.d.ts
94 notice 100B   theme/interfaces/ThemeAlignItemsInterface.d.ts
94 notice 148B   theme/light/ThemeBorder.d.ts
94 notice 148B   theme/interfaces/ThemeBorderInterface.d.ts
94 notice 178B   theme/light/ThemeBorderRadius.d.ts
94 notice 200B   theme/interfaces/ThemeBorderRadiusInterface.d.ts
94 notice 163B   theme/light/ThemeBoxSizing.d.ts
94 notice 125B   theme/interfaces/ThemeBoxSizingInterface.d.ts
94 notice 168B   theme/light/ThemeBreakpoint.d.ts
94 notice 177B   theme/interfaces/ThemeBreakpointInterface.d.ts
94 notice 168B   theme/light/ThemeBrightness.d.ts
94 notice 121B   theme/interfaces/ThemeBrightnessInterface.d.ts
94 notice 143B   theme/light/ThemeColor.d.ts
94 notice 232B   theme/interfaces/ThemeColorInterface.d.ts
94 notice 148B   theme/light/ThemeCursor.d.ts
94 notice 93B    theme/interfaces/ThemeCursorInterface.d.ts
94 notice 163B   theme/light/ThemeDimension.d.ts
94 notice 283B   theme/interfaces/ThemeDimensionInterface.d.ts
94 notice 153B   theme/light/ThemeDisplay.d.ts
94 notice 153B   theme/interfaces/ThemeDisplayInterface.d.ts
94 notice 158B   theme/light/ThemeFlexGrow.d.ts
94 notice 93B    theme/interfaces/ThemeFlexGrowInterface.d.ts
94 notice 158B   theme/light/ThemeFlexWrap.d.ts
94 notice 94B    theme/interfaces/ThemeFlexWrapInterface.d.ts
94 notice 168B   theme/light/ThemeFontFamily.d.ts
94 notice 124B   theme/interfaces/ThemeFontFamilyInterface.d.ts
94 notice 158B   theme/light/ThemeFontSize.d.ts
94 notice 140B   theme/interfaces/ThemeFontSizeInterface.d.ts
94 notice 168B   theme/light/ThemeFontWeight.d.ts
94 notice 137B   theme/interfaces/ThemeFontWeightInterface.d.ts
94 notice 3.4kB  theme/interfaces/ThemeInterface.d.ts
94 notice 188B   theme/light/ThemeJustifyContent.d.ts
94 notice 125B   theme/interfaces/ThemeJustifyContentInterface.d.ts
94 notice 183B   theme/light/ThemeLetterSpacing.d.ts
94 notice 162B   theme/interfaces/ThemeLetterSpacingInterface.d.ts
94 notice 168B   theme/light/ThemeLineHeight.d.ts
94 notice 138B   theme/interfaces/ThemeLineHeightInterface.d.ts
94 notice 163B   theme/light/ThemeObjectFit.d.ts
94 notice 118B   theme/interfaces/ThemeObjectFitInterface.d.ts
94 notice 153B   theme/light/ThemeOpacity.d.ts
94 notice 94B    theme/interfaces/ThemeOpacityInterface.d.ts
94 notice 158B   theme/light/ThemeOverflow.d.ts
94 notice 114B   theme/interfaces/ThemeOverflowInterface.d.ts
94 notice 158B   theme/light/ThemePosition.d.ts
94 notice 139B   theme/interfaces/ThemePositionInterface.d.ts
94 notice 315B   providers/ThemeProvider.d.ts
94 notice 148B   theme/light/ThemeShadow.d.ts
94 notice 195B   theme/interfaces/ThemeShadowInterface.d.ts
94 notice 153B   theme/light/ThemeSpacing.d.ts
94 notice 320B   theme/interfaces/ThemeSpacingInterface.d.ts
94 notice 163B   theme/light/ThemeTextAlign.d.ts
94 notice 98B    theme/interfaces/ThemeTextAlignInterface.d.ts
94 notice 188B   theme/light/ThemeTextDecoration.d.ts
94 notice 106B   theme/interfaces/ThemeTextDecorationInterface.d.ts
94 notice 163B   theme/light/ThemeTransform.d.ts
94 notice 100B   theme/interfaces/ThemeTransformInterface.d.ts
94 notice 168B   theme/light/ThemeTransition.d.ts
94 notice 103B   theme/interfaces/ThemeTransitionInterface.d.ts
94 notice 64B    utils/ThemeUtils.d.ts
94 notice 148B   theme/light/ThemeZIndex.d.ts
94 notice 140B   theme/interfaces/ThemeZIndexInterface.d.ts
94 notice 238B   components/tooltip/Tooltip.d.ts
94 notice 241B   components/tooltip/styled/TooltipContentStyled.d.ts
94 notice 145B   components/tooltip/styled/TooltipSeparatorStyled.d.ts
94 notice 141B   components/tooltip/styled/TooltipStyled.d.ts
94 notice 170B   hooks/useCallbackOnTimeout.d.ts
94 notice 761B   hooks/useMountChild.d.ts
94 notice 109B   hooks/useOnClickOutside.d.ts
94 notice 219B   hooks/UseOnScroll.d.ts
94 notice 52.1kB tsconfig.tsbuildinfo
95 notice === Tarball Details ===
96 notice name:          @tbarous/drawbridge
96 notice version:       0.0.41
96 notice filename:      tbarous-drawbridge-0.0.41.tgz
96 notice package size:  51.1 kB
96 notice unpacked size: 243.7 kB
96 notice shasum:        a1e0e65b81da3bd793ca46016b8c13bd91264490
96 notice integrity:     sha512-XbJOZWDGjPRfd[...]CciIaKgPaUttA==
96 notice total files:   312
97 notice
98 verbose publish @tbarous/oxygen
99 error
